<?xml version="1.0" encoding="UTF-8"?>
<!-- Generated by org.testng.reporters.JUnitXMLReporter -->
<<<<<<< HEAD
<testsuite hostname="MSI" ignored="0" name="TestOverview" tests="2" failures="1" timestamp="27 Jan 2018 20:33:04 GMT" time="3.661" errors="0">
  <testcase name="feature" time="0.011" classname="cucumber.api.testng.AbstractTestNGCucumberTests"/>
  <testcase name="TestClickOverview" time="3.152" classname="com.revature.TestOverview">
    <failure type="java.lang.AssertionError" message="Can&amp;apos;t find overview button">
      <![CDATA[java.lang.AssertionError: Can't find overview buttonat com.revature.TestOverview.TestClickOverview(TestOverview.java:62)... Removed 26 stack frames]]>
    </failure>
  </testcase> <!-- TestClickOverview -->
=======
<testsuite hostname="CWJShen" ignored="2" name="TestOverview" tests="9" failures="0" timestamp="26 Jan 2018 21:51:08 GMT" time="16.302" errors="0">
  <testcase name="feature" time="0.007" classname="cucumber.api.testng.AbstractTestNGCucumberTests"/>
  <testcase name="feature" time="0.001" classname="cucumber.api.testng.AbstractTestNGCucumberTests"/>
  <testcase name="TestOne" time="3.145" classname="com.revature.TestOverview"/>
  <testcase name="TestTwo" time="3.099" classname="com.revature.TestOverview"/>
  <testcase name="feature" time="0.001" classname="cucumber.api.testng.AbstractTestNGCucumberTests"/>
  <testcase name="feature" time="0.002" classname="cucumber.api.testng.AbstractTestNGCucumberTests"/>
  <testcase name="TestLocations" time="3.192" classname="com.revature.TestBatches"/>
  <testcase name="TestOne" time="3.095" classname="com.revature.TestBatches"/>
  <testcase name="TestTwo" time="3.078" classname="com.revature.TestBatches"/>
  <testcase name="@AfterSuite afterSuite" time="0.0" classname="com.revature.TrainerSuite">
    <ignored/>
  </testcase> <!-- @AfterSuite afterSuite -->
  <testcase name="@BeforeSuite beforeSuite" time="0.0" classname="com.revature.TrainerSuite">
    <ignored/>
  </testcase> <!-- @BeforeSuite beforeSuite -->
>>>>>>> d8e13a192b0dd783ede26ad6d97d6e619ad93fb2
</testsuite> <!-- TestOverview -->
