<?xml version="1.0" encoding="UTF-8"?>
<!-- Generated by org.testng.reporters.JUnitXMLReporter -->
<<<<<<< HEAD
<<<<<<< HEAD
<testsuite hostname="MSI" ignored="0" name="Default test" tests="3" failures="0" timestamp="27 Jan 2018 23:17:52 GMT" time="7.699" errors="0">
  <testcase name="feature" time="0.01" classname="cucumber.api.testng.AbstractTestNGCucumberTests"/>
  <testcase name="TestClickOverview" time="3.121" classname="com.revature.TestOverview"/>
  <testcase name="CheckNameFilterDSC" time="4.116" classname="com.revature.TestOverview"/>
=======
<testsuite hostname="CWJShen" ignored="0" name="Default test" tests="3" failures="1" timestamp="27 Jan 2018 23:12:26 GMT" time="3.686" errors="0">
  <testcase name="feature" time="0.022" classname="cucumber.api.testng.AbstractTestNGCucumberTests"/>
  <testcase name="feature" time="0.001" classname="cucumber.api.testng.AbstractTestNGCucumberTests"/>
  <testcase name="TestOne" time="3.199" classname="com.revature.tests.trainer.TestLocations">
    <failure type="java.lang.AssertionError" message="Revature HQ and/or New York City drop downs not found. Not in Locations tab">
      <![CDATA[java.lang.AssertionError: Revature HQ and/or New York City drop downs not found. Not in Locations tabat org.testng.Assert.fail(Assert.java:96)at com.revature.tests.trainer.TestLocations.TestOne(TestLocations.java:30)at sun.reflect.NativeMethodAccessorImpl.invoke0(Native Method)at sun.reflect.NativeMethodAccessorImpl.invoke(Unknown Source)at sun.reflect.DelegatingMethodAccessorImpl.invoke(Unknown Source)at java.lang.reflect.Method.invoke(Unknown Source)at org.testng.internal.MethodInvocationHelper.invokeMethod(MethodInvocationHelper.java:124)at org.testng.internal.Invoker.invokeMethod(Invoker.java:571)at org.testng.internal.Invoker.invokeTestMethod(Invoker.java:707)at org.testng.internal.Invoker.invokeTestMethods(Invoker.java:979)at org.testng.internal.TestMethodWorker.invokeTestMethods(TestMethodWorker.java:125)at org.testng.internal.TestMethodWorker.run(TestMethodWorker.java:109)at org.testng.TestRunner.privateRun(TestRunner.java:648)at org.testng.TestRunner.run(TestRunner.java:505)at org.testng.SuiteRunner.runTest(SuiteRunner.java:455)at org.testng.SuiteRunner.runSequentially(SuiteRunner.java:450)at org.testng.SuiteRunner.privateRun(SuiteRunner.java:415)at org.testng.SuiteRunner.run(SuiteRunner.java:364)at org.testng.SuiteRunnerWorker.runSuite(SuiteRunnerWorker.java:52)at org.testng.SuiteRunnerWorker.run(SuiteRunnerWorker.java:84)at org.testng.TestNG.runSuitesSequentially(TestNG.java:1187)at org.testng.TestNG.runSuitesLocally(TestNG.java:1116)at org.testng.TestNG.runSuites(TestNG.java:1028)at org.testng.TestNG.run(TestNG.java:996)at org.testng.remote.AbstractRemoteTestNG.run(AbstractRemoteTestNG.java:114)at org.testng.remote.RemoteTestNG.initAndRun(RemoteTestNG.java:251)at org.testng.remote.RemoteTestNG.main(RemoteTestNG.java:77)]]>
    </failure>
  </testcase> <!-- TestOne -->
>>>>>>> d8e13a192b0dd783ede26ad6d97d6e619ad93fb2
=======
<testsuite ignored="0" hostname="DESKTOP-EDGVJKP" failures="3" tests="3" name="Default test" time="3.094" errors="0" timestamp="27 Jan 2018 19:13:53 GMT">
  <testcase classname="cucumber.api.testng.AbstractTestNGCucumberTests" name="feature" time="0.611">
    <failure type="cucumber.runtime.CucumberException" message="cucumber.runtime.CucumberException: Arity mismatch: Step Definition &amp;apos;com.revature.cuketests.TrainerCukes.loggedAsTrainer(WebDriver) in file:/C:/project_2_repo/TA_Framework/TA_Framework_Maven/target/classes/&amp;apos; with pattern [^I am logged in as a trainer &amp;lt;webdriver&amp;gt;$] is declared with 1 parameters. However, the gherkin step has 0 arguments []. 
Step: Given I am logged in as a trainer &amp;lt;webdriver&amp;gt;">
      <![CDATA[cucumber.runtime.CucumberException: cucumber.runtime.CucumberException: Arity mismatch: Step Definition 'com.revature.cuketests.TrainerCukes.loggedAsTrainer(WebDriver) in file:/C:/project_2_repo/TA_Framework/TA_Framework_Maven/target/classes/' with pattern [^I am logged in as a trainer <webdriver>$] is declared with 1 parameters. However, the gherkin step has 0 arguments []. Step: Given I am logged in as a trainer <webdriver>at cucumber.api.testng.TestNGCucumberRunner.runCucumber(TestNGCucumberRunner.java:69)at cucumber.api.testng.AbstractTestNGCucumberTests.feature(AbstractTestNGCucumberTests.java:21)at java.base/jdk.internal.reflect.NativeMethodAccessorImpl.invoke0(Native Method)at java.base/jdk.internal.reflect.NativeMethodAccessorImpl.invoke(Unknown Source)at java.base/jdk.internal.reflect.DelegatingMethodAccessorImpl.invoke(Unknown Source)at java.base/java.lang.reflect.Method.invoke(Unknown Source)at org.testng.internal.MethodInvocationHelper.invokeMethod(MethodInvocationHelper.java:124)at org.testng.internal.Invoker.invokeMethod(Invoker.java:571)at org.testng.internal.Invoker.invokeTestMethod(Invoker.java:707)at org.testng.internal.Invoker.invokeTestMethods(Invoker.java:979)at org.testng.internal.TestMethodWorker.invokeTestMethods(TestMethodWorker.java:125)at org.testng.internal.TestMethodWorker.run(TestMethodWorker.java:109)at org.testng.TestRunner.privateRun(TestRunner.java:648)at org.testng.TestRunner.run(TestRunner.java:505)at org.testng.SuiteRunner.runTest(SuiteRunner.java:455)at org.testng.SuiteRunner.runSequentially(SuiteRunner.java:450)at org.testng.SuiteRunner.privateRun(SuiteRunner.java:415)at org.testng.SuiteRunner.run(SuiteRunner.java:364)at org.testng.SuiteRunnerWorker.runSuite(SuiteRunnerWorker.java:52)at org.testng.SuiteRunnerWorker.run(SuiteRunnerWorker.java:84)at org.testng.TestNG.runSuitesSequentially(TestNG.java:1187)at org.testng.TestNG.runSuitesLocally(TestNG.java:1116)at org.testng.TestNG.runSuites(TestNG.java:1028)at org.testng.TestNG.run(TestNG.java:996)at org.testng.remote.AbstractRemoteTestNG.run(AbstractRemoteTestNG.java:114)at org.testng.remote.RemoteTestNG.initAndRun(RemoteTestNG.java:251)at org.testng.remote.RemoteTestNG.main(RemoteTestNG.java:77)Caused by: cucumber.runtime.CucumberException: Arity mismatch: Step Definition 'com.revature.cuketests.TrainerCukes.loggedAsTrainer(WebDriver) in file:/C:/project_2_repo/TA_Framework/TA_Framework_Maven/target/classes/' with pattern [^I am logged in as a trainer <webdriver>$] is declared with 1 parameters. However, the gherkin step has 0 arguments []. Step: Given I am logged in as a trainer <webdriver>at cucumber.runtime.StepDefinitionMatch.arityMismatch(StepDefinitionMatch.java:102)at cucumber.runtime.StepDefinitionMatch.transformedArgs(StepDefinitionMatch.java:60)at cucumber.runtime.StepDefinitionMatch.runStep(StepDefinitionMatch.java:37)at cucumber.runtime.Runtime.runStep(Runtime.java:300)at cucumber.runtime.model.StepContainer.runStep(StepContainer.java:44)at cucumber.runtime.model.StepContainer.runSteps(StepContainer.java:39)at cucumber.runtime.model.CucumberScenario.run(CucumberScenario.java:44)at cucumber.runtime.model.CucumberFeature.run(CucumberFeature.java:165)at cucumber.api.testng.TestNGCucumberRunner.runCucumber(TestNGCucumberRunner.java:63)... 26 more]]>
    </failure>
  </testcase> <!-- feature -->
  <testcase classname="cucumber.api.testng.AbstractTestNGCucumberTests" name="feature" time="0.039">
    <failure type="cucumber.runtime.CucumberException" message="cucumber.runtime.CucumberException: Arity mismatch: Step Definition &amp;apos;com.revature.cuketests.ReportsCukes.clickReports(WebDriver) in file:/C:/project_2_repo/TA_Framework/TA_Framework_Maven/target/classes/&amp;apos; with pattern [^Click the Reports tab &amp;lt;webdriver&amp;gt;$] is declared with 1 parameters. However, the gherkin step has 0 arguments []. 
Step: When Click the Reports tab &amp;lt;webdriver&amp;gt;">
      <![CDATA[cucumber.runtime.CucumberException: cucumber.runtime.CucumberException: Arity mismatch: Step Definition 'com.revature.cuketests.ReportsCukes.clickReports(WebDriver) in file:/C:/project_2_repo/TA_Framework/TA_Framework_Maven/target/classes/' with pattern [^Click the Reports tab <webdriver>$] is declared with 1 parameters. However, the gherkin step has 0 arguments []. Step: When Click the Reports tab <webdriver>at cucumber.api.testng.TestNGCucumberRunner.runCucumber(TestNGCucumberRunner.java:69)at cucumber.api.testng.AbstractTestNGCucumberTests.feature(AbstractTestNGCucumberTests.java:21)at java.base/jdk.internal.reflect.NativeMethodAccessorImpl.invoke0(Native Method)at java.base/jdk.internal.reflect.NativeMethodAccessorImpl.invoke(Unknown Source)at java.base/jdk.internal.reflect.DelegatingMethodAccessorImpl.invoke(Unknown Source)at java.base/java.lang.reflect.Method.invoke(Unknown Source)at org.testng.internal.MethodInvocationHelper.invokeMethod(MethodInvocationHelper.java:124)at org.testng.internal.Invoker.invokeMethod(Invoker.java:571)at org.testng.internal.Invoker.invokeTestMethod(Invoker.java:707)at org.testng.internal.Invoker.invokeTestMethods(Invoker.java:979)at org.testng.internal.TestMethodWorker.invokeTestMethods(TestMethodWorker.java:125)at org.testng.internal.TestMethodWorker.run(TestMethodWorker.java:109)at org.testng.TestRunner.privateRun(TestRunner.java:648)at org.testng.TestRunner.run(TestRunner.java:505)at org.testng.SuiteRunner.runTest(SuiteRunner.java:455)at org.testng.SuiteRunner.runSequentially(SuiteRunner.java:450)at org.testng.SuiteRunner.privateRun(SuiteRunner.java:415)at org.testng.SuiteRunner.run(SuiteRunner.java:364)at org.testng.SuiteRunnerWorker.runSuite(SuiteRunnerWorker.java:52)at org.testng.SuiteRunnerWorker.run(SuiteRunnerWorker.java:84)at org.testng.TestNG.runSuitesSequentially(TestNG.java:1187)at org.testng.TestNG.runSuitesLocally(TestNG.java:1116)at org.testng.TestNG.runSuites(TestNG.java:1028)at org.testng.TestNG.run(TestNG.java:996)at org.testng.remote.AbstractRemoteTestNG.run(AbstractRemoteTestNG.java:114)at org.testng.remote.RemoteTestNG.initAndRun(RemoteTestNG.java:251)at org.testng.remote.RemoteTestNG.main(RemoteTestNG.java:77)Caused by: cucumber.runtime.CucumberException: Arity mismatch: Step Definition 'com.revature.cuketests.ReportsCukes.clickReports(WebDriver) in file:/C:/project_2_repo/TA_Framework/TA_Framework_Maven/target/classes/' with pattern [^Click the Reports tab <webdriver>$] is declared with 1 parameters. However, the gherkin step has 0 arguments []. Step: When Click the Reports tab <webdriver>at cucumber.runtime.StepDefinitionMatch.arityMismatch(StepDefinitionMatch.java:102)at cucumber.runtime.StepDefinitionMatch.transformedArgs(StepDefinitionMatch.java:60)at cucumber.runtime.StepDefinitionMatch.runStep(StepDefinitionMatch.java:37)at cucumber.runtime.Runtime.runStep(Runtime.java:300)at cucumber.runtime.model.StepContainer.runStep(StepContainer.java:44)at cucumber.runtime.model.StepContainer.runSteps(StepContainer.java:39)at cucumber.runtime.model.CucumberScenario.run(CucumberScenario.java:44)at cucumber.runtime.model.CucumberFeature.run(CucumberFeature.java:165)at cucumber.api.testng.TestNGCucumberRunner.runCucumber(TestNGCucumberRunner.java:63)... 26 more]]>
    </failure>
  </testcase> <!-- feature -->
  <testcase classname="cucumber.api.testng.AbstractTestNGCucumberTests" name="feature" time="0.036">
    <failure type="cucumber.runtime.CucumberException" message="cucumber.runtime.CucumberException: Arity mismatch: Step Definition &amp;apos;com.revature.cuketests.TrainerCukes.clickTrainers(WebDriver) in file:/C:/project_2_repo/TA_Framework/TA_Framework_Maven/target/classes/&amp;apos; with pattern [^Click the Trainers tab &amp;lt;webdriver&amp;gt;$] is declared with 1 parameters. However, the gherkin step has 0 arguments []. 
Step: When Click the Trainers tab &amp;lt;webdriver&amp;gt;">
      <![CDATA[cucumber.runtime.CucumberException: cucumber.runtime.CucumberException: Arity mismatch: Step Definition 'com.revature.cuketests.TrainerCukes.clickTrainers(WebDriver) in file:/C:/project_2_repo/TA_Framework/TA_Framework_Maven/target/classes/' with pattern [^Click the Trainers tab <webdriver>$] is declared with 1 parameters. However, the gherkin step has 0 arguments []. Step: When Click the Trainers tab <webdriver>at cucumber.api.testng.TestNGCucumberRunner.runCucumber(TestNGCucumberRunner.java:69)at cucumber.api.testng.AbstractTestNGCucumberTests.feature(AbstractTestNGCucumberTests.java:21)at java.base/jdk.internal.reflect.NativeMethodAccessorImpl.invoke0(Native Method)at java.base/jdk.internal.reflect.NativeMethodAccessorImpl.invoke(Unknown Source)at java.base/jdk.internal.reflect.DelegatingMethodAccessorImpl.invoke(Unknown Source)at java.base/java.lang.reflect.Method.invoke(Unknown Source)at org.testng.internal.MethodInvocationHelper.invokeMethod(MethodInvocationHelper.java:124)at org.testng.internal.Invoker.invokeMethod(Invoker.java:571)at org.testng.internal.Invoker.invokeTestMethod(Invoker.java:707)at org.testng.internal.Invoker.invokeTestMethods(Invoker.java:979)at org.testng.internal.TestMethodWorker.invokeTestMethods(TestMethodWorker.java:125)at org.testng.internal.TestMethodWorker.run(TestMethodWorker.java:109)at org.testng.TestRunner.privateRun(TestRunner.java:648)at org.testng.TestRunner.run(TestRunner.java:505)at org.testng.SuiteRunner.runTest(SuiteRunner.java:455)at org.testng.SuiteRunner.runSequentially(SuiteRunner.java:450)at org.testng.SuiteRunner.privateRun(SuiteRunner.java:415)at org.testng.SuiteRunner.run(SuiteRunner.java:364)at org.testng.SuiteRunnerWorker.runSuite(SuiteRunnerWorker.java:52)at org.testng.SuiteRunnerWorker.run(SuiteRunnerWorker.java:84)at org.testng.TestNG.runSuitesSequentially(TestNG.java:1187)at org.testng.TestNG.runSuitesLocally(TestNG.java:1116)at org.testng.TestNG.runSuites(TestNG.java:1028)at org.testng.TestNG.run(TestNG.java:996)at org.testng.remote.AbstractRemoteTestNG.run(AbstractRemoteTestNG.java:114)at org.testng.remote.RemoteTestNG.initAndRun(RemoteTestNG.java:251)at org.testng.remote.RemoteTestNG.main(RemoteTestNG.java:77)Caused by: cucumber.runtime.CucumberException: Arity mismatch: Step Definition 'com.revature.cuketests.TrainerCukes.clickTrainers(WebDriver) in file:/C:/project_2_repo/TA_Framework/TA_Framework_Maven/target/classes/' with pattern [^Click the Trainers tab <webdriver>$] is declared with 1 parameters. However, the gherkin step has 0 arguments []. Step: When Click the Trainers tab <webdriver>at cucumber.runtime.StepDefinitionMatch.arityMismatch(StepDefinitionMatch.java:102)at cucumber.runtime.StepDefinitionMatch.transformedArgs(StepDefinitionMatch.java:60)at cucumber.runtime.StepDefinitionMatch.runStep(StepDefinitionMatch.java:37)at cucumber.runtime.Runtime.runStep(Runtime.java:300)at cucumber.runtime.model.StepContainer.runStep(StepContainer.java:44)at cucumber.runtime.model.StepContainer.runSteps(StepContainer.java:39)at cucumber.runtime.model.CucumberScenario.run(CucumberScenario.java:44)at cucumber.runtime.model.CucumberFeature.run(CucumberFeature.java:165)at cucumber.api.testng.TestNGCucumberRunner.runCucumber(TestNGCucumberRunner.java:63)... 26 more]]>
    </failure>
  </testcase> <!-- feature -->
>>>>>>> Amin
</testsuite> <!-- Default test -->
