<?xml version="1.0" encoding="UTF-8"?>
<!-- Generated by org.testng.reporters.JUnitXMLReporter -->
<testsuite hostname="MSI" ignored="0" name="Test Overview Tab" tests="5" failures="2" timestamp="27 Jan 2018 23:54:14 GMT" time="11.782" errors="0">
  <testcase name="feature" time="0.009" classname="cucumber.api.testng.AbstractTestNGCucumberTests"/>
  <testcase name="feature" time="0.003" classname="cucumber.api.testng.AbstractTestNGCucumberTests"/>
  <testcase name="TestClickOverview" time="3.13" classname="com.revature.tests.trainer.TestOverview"/>
  <testcase name="CheckNameFilterASC" time="4.299" classname="com.revature.tests.trainer.TestOverview">
    <failure type="java.lang.AssertionError" message="Filter button not working">
      <![CDATA[java.lang.AssertionError: Filter button not workingat com.revature.tests.trainer.TestOverview.CheckNameFilterASC(TestOverview.java:105)... Removed 26 stack frames]]>
    </failure>
  </testcase> <!-- CheckNameFilterASC -->
  <testcase name="CheckNameFilterDSC" time="3.935" classname="com.revature.tests.trainer.TestOverview">
    <failure type="java.lang.AssertionError" message="Filter button not working">
      <![CDATA[java.lang.AssertionError: Filter button not workingat com.revature.tests.trainer.TestOverview.CheckNameFilterDSC(TestOverview.java:116)... Removed 26 stack frames]]>
    </failure>
  </testcase> <!-- CheckNameFilterDSC -->
</testsuite> <!-- Test Overview Tab -->
