<!DOCTYPE html>

<html>
  <head>
  <meta charset='utf-8'>
  <title>TestNG reports</title>

    <link type="text/css" href="testng-reports.css" rel="stylesheet" />
    <script type="text/javascript" src="jquery-1.7.1.min.js"></script>
    <script type="text/javascript" src="testng-reports.js"></script>
    <script type="text/javascript" src="https://www.google.com/jsapi"></script>
    <script type='text/javascript'>
      google.load('visualization', '1', {packages:['table']});
      google.setOnLoadCallback(drawTable);
      var suiteTableInitFunctions = new Array();
      var suiteTableData = new Array();
    </script>
    <!--
      <script type="text/javascript" src="jquery-ui/js/jquery-ui-1.8.16.custom.min.js"></script>
     -->
  </head>

  <body>
    <div class="top-banner-root">
      <span class="top-banner-title-font">Test results</span>
      <br/>
<<<<<<< HEAD
      <span class="top-banner-font-1">1 suite</span>
=======
<<<<<<< HEAD
      <span class="top-banner-font-1">1 suite, 1 failed test</span>
=======
      <span class="top-banner-font-1">1 suite, 3 failed tests</span>
>>>>>>> Amin
>>>>>>> 6066c350e4ccc08b74aebb97834954498ea61238
    </div> <!-- top-banner-root -->
    <div class="navigator-root">
      <div class="navigator-suite-header">
        <span>All suites</span>
        <a href="#" title="Collapse/expand all the suites" class="collapse-all-link">
          <img src="collapseall.gif" class="collapse-all-icon">
          </img> <!-- collapse-all-icon -->
        </a> <!-- collapse-all-link -->
      </div> <!-- navigator-suite-header -->
      <div class="suite">
        <div class="rounded-window">
          <div class="suite-header light-rounded-window-top">
<<<<<<< HEAD
            <a href="#" panel-name="suite-Default_suite" class="navigator-link">
              <span class="suite-name border-passed">Default suite</span>
=======
<<<<<<< HEAD
            <a href="#" class="navigator-link" panel-name="suite-Default_suite">
<<<<<<< HEAD
              <span class="suite-name border-passed">Default suite</span>
=======
              <span class="suite-name border-failed">Default suite</span>
>>>>>>> d8e13a192b0dd783ede26ad6d97d6e619ad93fb2
=======
            <a href="#" panel-name="suite-Default_suite" class="navigator-link">
              <span class="suite-name border-failed">Default suite</span>
>>>>>>> Amin
>>>>>>> 6066c350e4ccc08b74aebb97834954498ea61238
            </a> <!-- navigator-link -->
          </div> <!-- suite-header light-rounded-window-top -->
          <div class="navigator-suite-content">
            <div class="suite-section-title">
              <span>Info</span>
            </div> <!-- suite-section-title -->
            <div class="suite-section-content">
              <ul>
                <li>
<<<<<<< HEAD
                  <a href="#" panel-name="test-xml-Default_suite" class="navigator-link ">
                    <span>C:\Users\csemi\AppData\Local\Temp\testng-eclipse--854808199\testng-customsuite.xml</span>
=======
<<<<<<< HEAD
                  <a href="#" class="navigator-link " panel-name="test-xml-Default_suite">
<<<<<<< HEAD
                    <span>C:\Users\Tien Pham\AppData\Local\Temp\testng-eclipse--463069986\testng-customsuite.xml</span>
=======
                    <span>C:\Users\Jason\AppData\Local\Temp\testng-eclipse--1528700201\testng-customsuite.xml</span>
>>>>>>> d8e13a192b0dd783ede26ad6d97d6e619ad93fb2
                  </a> <!-- navigator-link  -->
                </li>
                <li>
                  <a href="#" class="navigator-link " panel-name="testlist-Default_suite">
=======
                  <a href="#" panel-name="test-xml-Default_suite" class="navigator-link ">
                    <span>C:\Users\AminPC\AppData\Local\Temp\testng-eclipse-708223473\testng-customsuite.xml</span>
>>>>>>> 6066c350e4ccc08b74aebb97834954498ea61238
                  </a> <!-- navigator-link  -->
                </li>
                <li>
                  <a href="#" panel-name="testlist-Default_suite" class="navigator-link ">
>>>>>>> Amin
                    <span class="test-stats">1 test</span>
                  </a> <!-- navigator-link  -->
                </li>
                <li>
<<<<<<< HEAD
                  <a href="#" class="navigator-link " panel-name="group-Default_suite">
=======
                  <a href="#" panel-name="group-Default_suite" class="navigator-link ">
<<<<<<< HEAD
=======
>>>>>>> Amin
>>>>>>> 6066c350e4ccc08b74aebb97834954498ea61238
                    <span>1 group</span>
                  </a> <!-- navigator-link  -->
                </li>
                <li>
<<<<<<< HEAD
                  <a href="#" panel-name="times-Default_suite" class="navigator-link ">
=======
<<<<<<< HEAD
                  <a href="#" class="navigator-link " panel-name="times-Default_suite">
=======
                  <a href="#" panel-name="times-Default_suite" class="navigator-link ">
>>>>>>> Amin
>>>>>>> 6066c350e4ccc08b74aebb97834954498ea61238
                    <span>Times</span>
                  </a> <!-- navigator-link  -->
                </li>
                <li>
<<<<<<< HEAD
                  <a href="#" panel-name="reporter-Default_suite" class="navigator-link ">
=======
<<<<<<< HEAD
                  <a href="#" class="navigator-link " panel-name="reporter-Default_suite">
=======
                  <a href="#" panel-name="reporter-Default_suite" class="navigator-link ">
>>>>>>> Amin
>>>>>>> 6066c350e4ccc08b74aebb97834954498ea61238
                    <span>Reporter output</span>
                  </a> <!-- navigator-link  -->
                </li>
                <li>
<<<<<<< HEAD
                  <a href="#" panel-name="ignored-methods-Default_suite" class="navigator-link ">
=======
<<<<<<< HEAD
                  <a href="#" class="navigator-link " panel-name="ignored-methods-Default_suite">
=======
                  <a href="#" panel-name="ignored-methods-Default_suite" class="navigator-link ">
>>>>>>> Amin
>>>>>>> 6066c350e4ccc08b74aebb97834954498ea61238
                    <span>Ignored methods</span>
                  </a> <!-- navigator-link  -->
                </li>
                <li>
<<<<<<< HEAD
                  <a href="#" panel-name="chronological-Default_suite" class="navigator-link ">
=======
<<<<<<< HEAD
                  <a href="#" class="navigator-link " panel-name="chronological-Default_suite">
=======
                  <a href="#" panel-name="chronological-Default_suite" class="navigator-link ">
>>>>>>> Amin
>>>>>>> 6066c350e4ccc08b74aebb97834954498ea61238
                    <span>Chronological view</span>
                  </a> <!-- navigator-link  -->
                </li>
              </ul>
            </div> <!-- suite-section-content -->
            <div class="result-section">
              <div class="suite-section-title">
                <span>Results</span>
              </div> <!-- suite-section-title -->
              <div class="suite-section-content">
                <ul>
                  <li>
<<<<<<< HEAD
                    <span class="method-stats">4 methods,   4 passed</span>
=======
<<<<<<< HEAD
<<<<<<< HEAD
                    <span class="method-stats">3 methods,   3 passed</span>
>>>>>>> 6066c350e4ccc08b74aebb97834954498ea61238
                  </li>
                  <li>
                    <span class="method-list-title passed">Passed methods</span>
                    <span class="show-or-hide-methods passed">
                      <a href="#" panel-name="suite-Default_suite" class="hide-methods passed suite-Default_suite"> (hide)</a> <!-- hide-methods passed suite-Default_suite -->
                      <a href="#" panel-name="suite-Default_suite" class="show-methods passed suite-Default_suite"> (show)</a> <!-- show-methods passed suite-Default_suite -->
<<<<<<< HEAD
=======
                    </span>
                    <div class="method-list-content passed suite-Default_suite">
                      <span>
                        <img width="3%" src="passed.png"/>
                        <a href="#" class="method navigator-link" panel-name="suite-Default_suite" title="com.revature.TestOverview" hash-for-method="CheckNameFilterDSC">CheckNameFilterDSC</a> <!-- method navigator-link -->
                      </span>
                      <br/>
                      <span>
                        <img width="3%" src="passed.png"/>
                        <a href="#" class="method navigator-link" panel-name="suite-Default_suite" title="com.revature.TestOverview" hash-for-method="TestClickOverview">TestClickOverview</a> <!-- method navigator-link -->
=======
                    <span class="method-stats">3 methods, 1 failed,   2 passed</span>
                  </li>
                  <li>
                    <span class="method-list-title failed">Failed methods</span>
                    <span class="show-or-hide-methods failed">
                      <a href="#" panel-name="suite-Default_suite" class="hide-methods failed suite-Default_suite"> (hide)</a> <!-- hide-methods failed suite-Default_suite -->
                      <a href="#" panel-name="suite-Default_suite" class="show-methods failed suite-Default_suite"> (show)</a> <!-- show-methods failed suite-Default_suite -->
                    </span>
                    <div class="method-list-content failed suite-Default_suite">
                      <span>
                        <img width="3%" src="failed.png"/>
                        <a href="#" class="method navigator-link" panel-name="suite-Default_suite" title="com.revature.tests.trainer.TestLocations" hash-for-method="TestOne">TestOne</a> <!-- method navigator-link -->
                      </span>
                      <br/>
                    </div> <!-- method-list-content failed suite-Default_suite -->
                  </li>
                  <li>
                    <span class="method-list-title passed">Passed methods</span>
                    <span class="show-or-hide-methods passed">
                      <a href="#" panel-name="suite-Default_suite" class="hide-methods passed suite-Default_suite"> (hide)</a> <!-- hide-methods passed suite-Default_suite -->
                      <a href="#" panel-name="suite-Default_suite" class="show-methods passed suite-Default_suite"> (show)</a> <!-- show-methods passed suite-Default_suite -->
                    </span>
                    <div class="method-list-content passed suite-Default_suite">
                      <span>
                        <img width="3%" src="passed.png"/>
                        <a href="#" class="method navigator-link" panel-name="suite-Default_suite" title="com.revature.tests.trainer.TestLocations" hash-for-method="feature(Overview Tab for trainers)">feature(Overview Tab for trainers)</a> <!-- method navigator-link -->
>>>>>>> d8e13a192b0dd783ede26ad6d97d6e619ad93fb2
                      </span>
                      <br/>
                      <span>
                        <img width="3%" src="passed.png"/>
<<<<<<< HEAD
                        <a href="#" class="method navigator-link" panel-name="suite-Default_suite" title="com.revature.TestOverview" hash-for-method="feature(Overview Tab for trainers)">feature(Overview Tab for trainers)</a> <!-- method navigator-link -->
=======
                        <a href="#" class="method navigator-link" panel-name="suite-Default_suite" title="com.revature.tests.trainer.TestLocations" hash-for-method="feature(Locations Tab for trainers)">feature(Locations Tab for trainers)</a> <!-- method navigator-link -->
>>>>>>> d8e13a192b0dd783ede26ad6d97d6e619ad93fb2
                      </span>
                      <br/>
                    </div> <!-- method-list-content passed suite-Default_suite -->
=======
                    <span class="method-stats">3 methods, 3 failed,   </span>
                  </li>
                  <li>
                    <span class="method-list-title failed">Failed methods</span>
                    <span class="show-or-hide-methods failed">
                      <a href="#" panel-name="suite-Default_suite" class="hide-methods failed suite-Default_suite"> (hide)</a> <!-- hide-methods failed suite-Default_suite -->
                      <a href="#" panel-name="suite-Default_suite" class="show-methods failed suite-Default_suite"> (show)</a> <!-- show-methods failed suite-Default_suite -->
>>>>>>> 6066c350e4ccc08b74aebb97834954498ea61238
                    </span>
                    <div class="method-list-content failed suite-Default_suite">
                      <span>
<<<<<<< HEAD
                        <img src="passed.png" width="3%"/>
                        <a href="#" panel-name="suite-Default_suite" title="com.revature.tests.trainer.TestCurricula" class="method navigator-link" hash-for-method="TestOne">TestOne</a> <!-- method navigator-link -->
                      </span>
                      <br/>
                      <span>
                        <img src="passed.png" width="3%"/>
                        <a href="#" panel-name="suite-Default_suite" title="com.revature.tests.trainer.TestCurricula" class="method navigator-link" hash-for-method="feature(Overview Tab for trainers)">feature(Overview Tab for trainers)</a> <!-- method navigator-link -->
                      </span>
                      <br/>
                      <span>
                        <img src="passed.png" width="3%"/>
                        <a href="#" panel-name="suite-Default_suite" title="com.revature.tests.trainer.TestCurricula" class="method navigator-link" hash-for-method="feature(I want to display information under two tabs)">feature(I want to display information under two tabs)</a> <!-- method navigator-link -->
                      </span>
                      <br/>
                      <span>
                        <img src="passed.png" width="3%"/>
                        <a href="#" panel-name="suite-Default_suite" title="com.revature.tests.trainer.TestCurricula" class="method navigator-link" hash-for-method="feature(Locations Tab for trainers)">feature(Locations Tab for trainers)</a> <!-- method navigator-link -->
                      </span>
                      <br/>
                    </div> <!-- method-list-content passed suite-Default_suite -->
=======
                        <img src="failed.png" width="3%"/>
                        <a href="#" panel-name="suite-Default_suite" title="com.revature.TrainerSuite" class="method navigator-link" hash-for-method="feature(Overview Tab for trainers)">feature(Overview Tab for trainers)</a> <!-- method navigator-link -->
                      </span>
                      <br/>
                      <span>
                        <img src="failed.png" width="3%"/>
                        <a href="#" panel-name="suite-Default_suite" title="com.revature.TrainerSuite" class="method navigator-link" hash-for-method="feature(Reports Tab for trainers)">feature(Reports Tab for trainers)</a> <!-- method navigator-link -->
                      </span>
                      <br/>
                      <span>
                        <img src="failed.png" width="3%"/>
                        <a href="#" panel-name="suite-Default_suite" title="com.revature.TrainerSuite" class="method navigator-link" hash-for-method="feature(Trainers Tab for trainers)">feature(Trainers Tab for trainers)</a> <!-- method navigator-link -->
                      </span>
                      <br/>
                    </div> <!-- method-list-content failed suite-Default_suite -->
>>>>>>> Amin
>>>>>>> 6066c350e4ccc08b74aebb97834954498ea61238
                  </li>
                </ul>
              </div> <!-- suite-section-content -->
            </div> <!-- result-section -->
          </div> <!-- navigator-suite-content -->
        </div> <!-- rounded-window -->
      </div> <!-- suite -->
    </div> <!-- navigator-root -->
    <div class="wrapper">
      <div class="main-panel-root">
        <div panel-name="suite-Default_suite" class="panel Default_suite">
<<<<<<< HEAD
          <div class="suite-Default_suite-class-passed">
            <div class="main-panel-header rounded-window-top">
              <img src="passed.png"/>
              <span class="class-name">com.revature.tests.trainer.TestCurricula</span>
=======
<<<<<<< HEAD
<<<<<<< HEAD
          <div class="suite-Default_suite-class-passed">
            <div class="main-panel-header rounded-window-top">
              <img src="passed.png"/>
              <span class="class-name">com.revature.TestOverview</span>
=======
          <div class="suite-Default_suite-class-failed">
            <div class="main-panel-header rounded-window-top">
              <img src="failed.png"/>
              <span class="class-name">com.revature.tests.trainer.TestLocations</span>
=======
          <div class="suite-Default_suite-class-failed">
            <div class="main-panel-header rounded-window-top">
              <img src="failed.png"/>
              <span class="class-name">com.revature.TrainerSuite</span>
>>>>>>> Amin
            </div> <!-- main-panel-header rounded-window-top -->
            <div class="main-panel-content rounded-window-bottom">
              <div class="method">
                <div class="method-content">
<<<<<<< HEAD
                  <a name="TestOne">
                  </a> <!-- TestOne -->
                  <span class="method-name">TestOne</span>
                  <div class="stack-trace">java.lang.AssertionError: Revature HQ and/or New York City drop downs not found. Not in Locations tab
	at org.testng.Assert.fail(Assert.java:96)
	at com.revature.tests.trainer.TestLocations.TestOne(TestLocations.java:30)
	at sun.reflect.NativeMethodAccessorImpl.invoke0(Native Method)
	at sun.reflect.NativeMethodAccessorImpl.invoke(Unknown Source)
	at sun.reflect.DelegatingMethodAccessorImpl.invoke(Unknown Source)
	at java.lang.reflect.Method.invoke(Unknown Source)
	at org.testng.internal.MethodInvocationHelper.invokeMethod(MethodInvocationHelper.java:124)
	at org.testng.internal.Invoker.invokeMethod(Invoker.java:571)
	at org.testng.internal.Invoker.invokeTestMethod(Invoker.java:707)
	at org.testng.internal.Invoker.invokeTestMethods(Invoker.java:979)
	at org.testng.internal.TestMethodWorker.invokeTestMethods(TestMethodWorker.java:125)
	at org.testng.internal.TestMethodWorker.run(TestMethodWorker.java:109)
	at org.testng.TestRunner.privateRun(TestRunner.java:648)
	at org.testng.TestRunner.run(TestRunner.java:505)
	at org.testng.SuiteRunner.runTest(SuiteRunner.java:455)
	at org.testng.SuiteRunner.runSequentially(SuiteRunner.java:450)
	at org.testng.SuiteRunner.privateRun(SuiteRunner.java:415)
	at org.testng.SuiteRunner.run(SuiteRunner.java:364)
	at org.testng.SuiteRunnerWorker.runSuite(SuiteRunnerWorker.java:52)
	at org.testng.SuiteRunnerWorker.run(SuiteRunnerWorker.java:84)
	at org.testng.TestNG.runSuitesSequentially(TestNG.java:1187)
	at org.testng.TestNG.runSuitesLocally(TestNG.java:1116)
	at org.testng.TestNG.runSuites(TestNG.java:1028)
	at org.testng.TestNG.run(TestNG.java:996)
	at org.testng.remote.AbstractRemoteTestNG.run(AbstractRemoteTestNG.java:114)
	at org.testng.remote.RemoteTestNG.initAndRun(RemoteTestNG.java:251)
	at org.testng.remote.RemoteTestNG.main(RemoteTestNG.java:77)

</div> <!-- stack-trace -->
                </div> <!-- method-content -->
              </div> <!-- method -->
            </div> <!-- main-panel-content rounded-window-bottom -->
          </div> <!-- suite-Default_suite-class-failed -->
          <div class="suite-Default_suite-class-passed">
            <div class="main-panel-header rounded-window-top">
              <img src="passed.png"/>
              <span class="class-name">com.revature.tests.trainer.TestLocations</span>
>>>>>>> d8e13a192b0dd783ede26ad6d97d6e619ad93fb2
>>>>>>> 6066c350e4ccc08b74aebb97834954498ea61238
            </div> <!-- main-panel-header rounded-window-top -->
            <div class="main-panel-content rounded-window-bottom">
              <div class="method">
                <div class="method-content">
<<<<<<< HEAD
                  <a name="TestOne">
                  </a> <!-- TestOne -->
                  <span class="method-name">TestOne</span>
                </div> <!-- method-content -->
              </div> <!-- method -->
              <div class="method">
                <div class="method-content">
=======
<<<<<<< HEAD
                  <a name="CheckNameFilterDSC">
                  </a> <!-- CheckNameFilterDSC -->
                  <span class="method-name">CheckNameFilterDSC</span>
=======
=======
>>>>>>> Amin
>>>>>>> 6066c350e4ccc08b74aebb97834954498ea61238
                  <a name="feature(Overview Tab for trainers)">
                  </a> <!-- feature(Overview Tab for trainers) -->
                  <span class="method-name">feature</span>
                  <span class="parameters">(Overview Tab for trainers)</span>
<<<<<<< HEAD
                  <em>
(Runs Cucumber Feature)                  </em>
=======
                  <div class="stack-trace">cucumber.runtime.CucumberException: cucumber.runtime.CucumberException: Arity mismatch: Step Definition &apos;com.revature.cuketests.TrainerCukes.loggedAsTrainer(WebDriver) in file:/C:/project_2_repo/TA_Framework/TA_Framework_Maven/target/classes/&apos; with pattern [^I am logged in as a trainer &lt;webdriver&gt;$] is declared with 1 parameters. However, the gherkin step has 0 arguments []. 
Step: Given I am logged in as a trainer &lt;webdriver&gt;
	at cucumber.api.testng.TestNGCucumberRunner.runCucumber(TestNGCucumberRunner.java:69)
	at cucumber.api.testng.AbstractTestNGCucumberTests.feature(AbstractTestNGCucumberTests.java:21)
	at java.base/jdk.internal.reflect.NativeMethodAccessorImpl.invoke0(Native Method)
	at java.base/jdk.internal.reflect.NativeMethodAccessorImpl.invoke(Unknown Source)
	at java.base/jdk.internal.reflect.DelegatingMethodAccessorImpl.invoke(Unknown Source)
	at java.base/java.lang.reflect.Method.invoke(Unknown Source)
	at org.testng.internal.MethodInvocationHelper.invokeMethod(MethodInvocationHelper.java:124)
	at org.testng.internal.Invoker.invokeMethod(Invoker.java:571)
	at org.testng.internal.Invoker.invokeTestMethod(Invoker.java:707)
	at org.testng.internal.Invoker.invokeTestMethods(Invoker.java:979)
	at org.testng.internal.TestMethodWorker.invokeTestMethods(TestMethodWorker.java:125)
	at org.testng.internal.TestMethodWorker.run(TestMethodWorker.java:109)
	at org.testng.TestRunner.privateRun(TestRunner.java:648)
	at org.testng.TestRunner.run(TestRunner.java:505)
	at org.testng.SuiteRunner.runTest(SuiteRunner.java:455)
	at org.testng.SuiteRunner.runSequentially(SuiteRunner.java:450)
	at org.testng.SuiteRunner.privateRun(SuiteRunner.java:415)
	at org.testng.SuiteRunner.run(SuiteRunner.java:364)
	at org.testng.SuiteRunnerWorker.runSuite(SuiteRunnerWorker.java:52)
	at org.testng.SuiteRunnerWorker.run(SuiteRunnerWorker.java:84)
	at org.testng.TestNG.runSuitesSequentially(TestNG.java:1187)
	at org.testng.TestNG.runSuitesLocally(TestNG.java:1116)
	at org.testng.TestNG.runSuites(TestNG.java:1028)
	at org.testng.TestNG.run(TestNG.java:996)
	at org.testng.remote.AbstractRemoteTestNG.run(AbstractRemoteTestNG.java:114)
	at org.testng.remote.RemoteTestNG.initAndRun(RemoteTestNG.java:251)
	at org.testng.remote.RemoteTestNG.main(RemoteTestNG.java:77)
Caused by: cucumber.runtime.CucumberException: Arity mismatch: Step Definition &apos;com.revature.cuketests.TrainerCukes.loggedAsTrainer(WebDriver) in file:/C:/project_2_repo/TA_Framework/TA_Framework_Maven/target/classes/&apos; with pattern [^I am logged in as a trainer &lt;webdriver&gt;$] is declared with 1 parameters. However, the gherkin step has 0 arguments []. 
Step: Given I am logged in as a trainer &lt;webdriver&gt;
	at cucumber.runtime.StepDefinitionMatch.arityMismatch(StepDefinitionMatch.java:102)
	at cucumber.runtime.StepDefinitionMatch.transformedArgs(StepDefinitionMatch.java:60)
	at cucumber.runtime.StepDefinitionMatch.runStep(StepDefinitionMatch.java:37)
	at cucumber.runtime.Runtime.runStep(Runtime.java:300)
	at cucumber.runtime.model.StepContainer.runStep(StepContainer.java:44)
	at cucumber.runtime.model.StepContainer.runSteps(StepContainer.java:39)
	at cucumber.runtime.model.CucumberScenario.run(CucumberScenario.java:44)
	at cucumber.runtime.model.CucumberFeature.run(CucumberFeature.java:165)
	at cucumber.api.testng.TestNGCucumberRunner.runCucumber(TestNGCucumberRunner.java:63)
	... 26 more

</div> <!-- stack-trace -->
                  <em>
(Runs Cucumber Feature)                  </em>
<<<<<<< HEAD
>>>>>>> d8e13a192b0dd783ede26ad6d97d6e619ad93fb2
=======
>>>>>>> Amin
>>>>>>> 6066c350e4ccc08b74aebb97834954498ea61238
                </div> <!-- method-content -->
              </div> <!-- method -->
              <div class="method">
                <div class="method-content">
<<<<<<< HEAD
                  <a name="feature(I want to display information under two tabs)">
                  </a> <!-- feature(I want to display information under two tabs) -->
                  <span class="method-name">feature</span>
                  <span class="parameters">(I want to display information under two tabs)</span>
=======
<<<<<<< HEAD
<<<<<<< HEAD
                  <a name="TestClickOverview">
                  </a> <!-- TestClickOverview -->
                  <span class="method-name">TestClickOverview</span>
=======
                  <a name="feature(Reports Tab for trainers)">
                  </a> <!-- feature(Reports Tab for trainers) -->
                  <span class="method-name">feature</span>
                  <span class="parameters">(Reports Tab for trainers)</span>
                  <div class="stack-trace">cucumber.runtime.CucumberException: cucumber.runtime.CucumberException: Arity mismatch: Step Definition &apos;com.revature.cuketests.ReportsCukes.clickReports(WebDriver) in file:/C:/project_2_repo/TA_Framework/TA_Framework_Maven/target/classes/&apos; with pattern [^Click the Reports tab &lt;webdriver&gt;$] is declared with 1 parameters. However, the gherkin step has 0 arguments []. 
Step: When Click the Reports tab &lt;webdriver&gt;
	at cucumber.api.testng.TestNGCucumberRunner.runCucumber(TestNGCucumberRunner.java:69)
	at cucumber.api.testng.AbstractTestNGCucumberTests.feature(AbstractTestNGCucumberTests.java:21)
	at java.base/jdk.internal.reflect.NativeMethodAccessorImpl.invoke0(Native Method)
	at java.base/jdk.internal.reflect.NativeMethodAccessorImpl.invoke(Unknown Source)
	at java.base/jdk.internal.reflect.DelegatingMethodAccessorImpl.invoke(Unknown Source)
	at java.base/java.lang.reflect.Method.invoke(Unknown Source)
	at org.testng.internal.MethodInvocationHelper.invokeMethod(MethodInvocationHelper.java:124)
	at org.testng.internal.Invoker.invokeMethod(Invoker.java:571)
	at org.testng.internal.Invoker.invokeTestMethod(Invoker.java:707)
	at org.testng.internal.Invoker.invokeTestMethods(Invoker.java:979)
	at org.testng.internal.TestMethodWorker.invokeTestMethods(TestMethodWorker.java:125)
	at org.testng.internal.TestMethodWorker.run(TestMethodWorker.java:109)
	at org.testng.TestRunner.privateRun(TestRunner.java:648)
	at org.testng.TestRunner.run(TestRunner.java:505)
	at org.testng.SuiteRunner.runTest(SuiteRunner.java:455)
	at org.testng.SuiteRunner.runSequentially(SuiteRunner.java:450)
	at org.testng.SuiteRunner.privateRun(SuiteRunner.java:415)
	at org.testng.SuiteRunner.run(SuiteRunner.java:364)
	at org.testng.SuiteRunnerWorker.runSuite(SuiteRunnerWorker.java:52)
	at org.testng.SuiteRunnerWorker.run(SuiteRunnerWorker.java:84)
	at org.testng.TestNG.runSuitesSequentially(TestNG.java:1187)
	at org.testng.TestNG.runSuitesLocally(TestNG.java:1116)
	at org.testng.TestNG.runSuites(TestNG.java:1028)
	at org.testng.TestNG.run(TestNG.java:996)
	at org.testng.remote.AbstractRemoteTestNG.run(AbstractRemoteTestNG.java:114)
	at org.testng.remote.RemoteTestNG.initAndRun(RemoteTestNG.java:251)
	at org.testng.remote.RemoteTestNG.main(RemoteTestNG.java:77)
Caused by: cucumber.runtime.CucumberException: Arity mismatch: Step Definition &apos;com.revature.cuketests.ReportsCukes.clickReports(WebDriver) in file:/C:/project_2_repo/TA_Framework/TA_Framework_Maven/target/classes/&apos; with pattern [^Click the Reports tab &lt;webdriver&gt;$] is declared with 1 parameters. However, the gherkin step has 0 arguments []. 
Step: When Click the Reports tab &lt;webdriver&gt;
	at cucumber.runtime.StepDefinitionMatch.arityMismatch(StepDefinitionMatch.java:102)
	at cucumber.runtime.StepDefinitionMatch.transformedArgs(StepDefinitionMatch.java:60)
	at cucumber.runtime.StepDefinitionMatch.runStep(StepDefinitionMatch.java:37)
	at cucumber.runtime.Runtime.runStep(Runtime.java:300)
	at cucumber.runtime.model.StepContainer.runStep(StepContainer.java:44)
	at cucumber.runtime.model.StepContainer.runSteps(StepContainer.java:39)
	at cucumber.runtime.model.CucumberScenario.run(CucumberScenario.java:44)
	at cucumber.runtime.model.CucumberFeature.run(CucumberFeature.java:165)
	at cucumber.api.testng.TestNGCucumberRunner.runCucumber(TestNGCucumberRunner.java:63)
	... 26 more

</div> <!-- stack-trace -->
>>>>>>> 6066c350e4ccc08b74aebb97834954498ea61238
                  <em>
(Runs Cucumber Feature)                  </em>
>>>>>>> Amin
                </div> <!-- method-content -->
              </div> <!-- method -->
              <div class="method">
                <div class="method-content">
<<<<<<< HEAD
                  <a name="feature(Overview Tab for trainers)">
                  </a> <!-- feature(Overview Tab for trainers) -->
=======
                  <a name="feature(Locations Tab for trainers)">
                  </a> <!-- feature(Locations Tab for trainers) -->
>>>>>>> d8e13a192b0dd783ede26ad6d97d6e619ad93fb2
                  <span class="method-name">feature</span>
                  <span class="parameters">(Locations Tab for trainers)</span>
=======
                  <a name="feature(Trainers Tab for trainers)">
                  </a> <!-- feature(Trainers Tab for trainers) -->
                  <span class="method-name">feature</span>
                  <span class="parameters">(Trainers Tab for trainers)</span>
                  <div class="stack-trace">cucumber.runtime.CucumberException: cucumber.runtime.CucumberException: Arity mismatch: Step Definition &apos;com.revature.cuketests.TrainerCukes.clickTrainers(WebDriver) in file:/C:/project_2_repo/TA_Framework/TA_Framework_Maven/target/classes/&apos; with pattern [^Click the Trainers tab &lt;webdriver&gt;$] is declared with 1 parameters. However, the gherkin step has 0 arguments []. 
Step: When Click the Trainers tab &lt;webdriver&gt;
	at cucumber.api.testng.TestNGCucumberRunner.runCucumber(TestNGCucumberRunner.java:69)
	at cucumber.api.testng.AbstractTestNGCucumberTests.feature(AbstractTestNGCucumberTests.java:21)
	at java.base/jdk.internal.reflect.NativeMethodAccessorImpl.invoke0(Native Method)
	at java.base/jdk.internal.reflect.NativeMethodAccessorImpl.invoke(Unknown Source)
	at java.base/jdk.internal.reflect.DelegatingMethodAccessorImpl.invoke(Unknown Source)
	at java.base/java.lang.reflect.Method.invoke(Unknown Source)
	at org.testng.internal.MethodInvocationHelper.invokeMethod(MethodInvocationHelper.java:124)
	at org.testng.internal.Invoker.invokeMethod(Invoker.java:571)
	at org.testng.internal.Invoker.invokeTestMethod(Invoker.java:707)
	at org.testng.internal.Invoker.invokeTestMethods(Invoker.java:979)
	at org.testng.internal.TestMethodWorker.invokeTestMethods(TestMethodWorker.java:125)
	at org.testng.internal.TestMethodWorker.run(TestMethodWorker.java:109)
	at org.testng.TestRunner.privateRun(TestRunner.java:648)
	at org.testng.TestRunner.run(TestRunner.java:505)
	at org.testng.SuiteRunner.runTest(SuiteRunner.java:455)
	at org.testng.SuiteRunner.runSequentially(SuiteRunner.java:450)
	at org.testng.SuiteRunner.privateRun(SuiteRunner.java:415)
	at org.testng.SuiteRunner.run(SuiteRunner.java:364)
	at org.testng.SuiteRunnerWorker.runSuite(SuiteRunnerWorker.java:52)
	at org.testng.SuiteRunnerWorker.run(SuiteRunnerWorker.java:84)
	at org.testng.TestNG.runSuitesSequentially(TestNG.java:1187)
	at org.testng.TestNG.runSuitesLocally(TestNG.java:1116)
	at org.testng.TestNG.runSuites(TestNG.java:1028)
	at org.testng.TestNG.run(TestNG.java:996)
	at org.testng.remote.AbstractRemoteTestNG.run(AbstractRemoteTestNG.java:114)
	at org.testng.remote.RemoteTestNG.initAndRun(RemoteTestNG.java:251)
	at org.testng.remote.RemoteTestNG.main(RemoteTestNG.java:77)
Caused by: cucumber.runtime.CucumberException: Arity mismatch: Step Definition &apos;com.revature.cuketests.TrainerCukes.clickTrainers(WebDriver) in file:/C:/project_2_repo/TA_Framework/TA_Framework_Maven/target/classes/&apos; with pattern [^Click the Trainers tab &lt;webdriver&gt;$] is declared with 1 parameters. However, the gherkin step has 0 arguments []. 
Step: When Click the Trainers tab &lt;webdriver&gt;
	at cucumber.runtime.StepDefinitionMatch.arityMismatch(StepDefinitionMatch.java:102)
	at cucumber.runtime.StepDefinitionMatch.transformedArgs(StepDefinitionMatch.java:60)
	at cucumber.runtime.StepDefinitionMatch.runStep(StepDefinitionMatch.java:37)
	at cucumber.runtime.Runtime.runStep(Runtime.java:300)
	at cucumber.runtime.model.StepContainer.runStep(StepContainer.java:44)
	at cucumber.runtime.model.StepContainer.runSteps(StepContainer.java:39)
	at cucumber.runtime.model.CucumberScenario.run(CucumberScenario.java:44)
	at cucumber.runtime.model.CucumberFeature.run(CucumberFeature.java:165)
	at cucumber.api.testng.TestNGCucumberRunner.runCucumber(TestNGCucumberRunner.java:63)
	... 26 more

</div> <!-- stack-trace -->
>>>>>>> Amin
                  <em>
(Runs Cucumber Feature)                  </em>
                </div> <!-- method-content -->
              </div> <!-- method -->
            </div> <!-- main-panel-content rounded-window-bottom -->
<<<<<<< HEAD
=======
<<<<<<< HEAD
>>>>>>> 6066c350e4ccc08b74aebb97834954498ea61238
          </div> <!-- suite-Default_suite-class-passed -->
        </div> <!-- panel Default_suite -->
        <div panel-name="test-xml-Default_suite" class="panel">
          <div class="main-panel-header rounded-window-top">
<<<<<<< HEAD
            <span class="header-content">C:\Users\csemi\AppData\Local\Temp\testng-eclipse--854808199\testng-customsuite.xml</span>
=======
<<<<<<< HEAD
            <span class="header-content">C:\Users\Tien Pham\AppData\Local\Temp\testng-eclipse--463069986\testng-customsuite.xml</span>
=======
            <span class="header-content">C:\Users\Jason\AppData\Local\Temp\testng-eclipse--1528700201\testng-customsuite.xml</span>
>>>>>>> d8e13a192b0dd783ede26ad6d97d6e619ad93fb2
=======
          </div> <!-- suite-Default_suite-class-failed -->
        </div> <!-- panel Default_suite -->
        <div panel-name="test-xml-Default_suite" class="panel">
          <div class="main-panel-header rounded-window-top">
            <span class="header-content">C:\Users\AminPC\AppData\Local\Temp\testng-eclipse-708223473\testng-customsuite.xml</span>
>>>>>>> Amin
>>>>>>> 6066c350e4ccc08b74aebb97834954498ea61238
          </div> <!-- main-panel-header rounded-window-top -->
          <div class="main-panel-content rounded-window-bottom">
            <pre>
&lt;?xml version=&quot;1.0&quot; encoding=&quot;UTF-8&quot;?&gt;
&lt;!DOCTYPE suite SYSTEM &quot;http://testng.org/testng-1.0.dtd&quot;&gt;
<<<<<<< HEAD
&lt;suite thread-count=&quot;-1&quot; name=&quot;Default suite&quot; guice-stage=&quot;DEVELOPMENT&quot;&gt;
  &lt;test name=&quot;Default test&quot; verbose=&quot;2&quot;&gt;
    &lt;classes&gt;
      &lt;class name=&quot;com.revature.tests.trainer.TestCurricula&quot;/&gt;
=======
<<<<<<< HEAD
&lt;suite thread-count=&quot;-1&quot; guice-stage=&quot;DEVELOPMENT&quot; name=&quot;Default suite&quot;&gt;
  &lt;test verbose=&quot;2&quot; name=&quot;Default test&quot;&gt;
    &lt;classes&gt;
<<<<<<< HEAD
      &lt;class name=&quot;com.revature.TestOverview&quot;/&gt;
=======
      &lt;class name=&quot;com.revature.tests.trainer.TestLocations&quot;/&gt;
>>>>>>> d8e13a192b0dd783ede26ad6d97d6e619ad93fb2
=======
&lt;suite thread-count=&quot;-1&quot; name=&quot;Default suite&quot; guice-stage=&quot;DEVELOPMENT&quot;&gt;
  &lt;test name=&quot;Default test&quot; verbose=&quot;2&quot;&gt;
    &lt;classes&gt;
      &lt;class name=&quot;com.revature.TrainerSuite&quot;/&gt;
>>>>>>> Amin
>>>>>>> 6066c350e4ccc08b74aebb97834954498ea61238
    &lt;/classes&gt;
  &lt;/test&gt; &lt;!-- Default test --&gt;
&lt;/suite&gt; &lt;!-- Default suite --&gt;
            </pre>
          </div> <!-- main-panel-content rounded-window-bottom -->
        </div> <!-- panel -->
        <div panel-name="testlist-Default_suite" class="panel">
          <div class="main-panel-header rounded-window-top">
            <span class="header-content">Tests for Default suite</span>
          </div> <!-- main-panel-header rounded-window-top -->
          <div class="main-panel-content rounded-window-bottom">
            <ul>
              <li>
                <span class="test-name">Default test (1 class)</span>
              </li>
            </ul>
          </div> <!-- main-panel-content rounded-window-bottom -->
        </div> <!-- panel -->
        <div panel-name="group-Default_suite" class="panel">
          <div class="main-panel-header rounded-window-top">
            <span class="header-content">Groups for Default suite</span>
          </div> <!-- main-panel-header rounded-window-top -->
          <div class="main-panel-content rounded-window-bottom">
            <div class="test-group">
              <span class="test-group-name">cucumber</span>
              <br/>
              <div class="method-in-group">
                <span class="method-in-group-name">feature</span>
                <br/>
              </div> <!-- method-in-group -->
            </div> <!-- test-group -->
          </div> <!-- main-panel-content rounded-window-bottom -->
        </div> <!-- panel -->
        <div panel-name="times-Default_suite" class="panel">
          <div class="main-panel-header rounded-window-top">
            <span class="header-content">Times for Default suite</span>
          </div> <!-- main-panel-header rounded-window-top -->
          <div class="main-panel-content rounded-window-bottom">
            <div class="times-div">
              <script type="text/javascript">
suiteTableInitFunctions.push('tableData_Default_suite');
function tableData_Default_suite() {
var data = new google.visualization.DataTable();
data.addColumn('number', 'Number');
data.addColumn('string', 'Method');
data.addColumn('string', 'Class');
data.addColumn('number', 'Time (ms)');
<<<<<<< HEAD
data.addRows(4);
data.setCell(0, 0, 0)
data.setCell(0, 1, 'TestOne')
data.setCell(0, 2, 'com.revature.tests.trainer.TestCurricula')
data.setCell(0, 3, 8974);
data.setCell(1, 0, 1)
data.setCell(1, 1, 'feature')
data.setCell(1, 2, 'com.revature.tests.trainer.TestCurricula')
data.setCell(1, 3, 12);
data.setCell(2, 0, 2)
data.setCell(2, 1, 'feature')
data.setCell(2, 2, 'com.revature.tests.trainer.TestCurricula')
data.setCell(2, 3, 5);
data.setCell(3, 0, 3)
data.setCell(3, 1, 'feature')
data.setCell(3, 2, 'com.revature.tests.trainer.TestCurricula')
data.setCell(3, 3, 3);
=======
data.addRows(3);
data.setCell(0, 0, 0)
<<<<<<< HEAD
<<<<<<< HEAD
data.setCell(0, 1, 'CheckNameFilterDSC')
data.setCell(0, 2, 'com.revature.TestOverview')
data.setCell(0, 3, 4116);
data.setCell(1, 0, 1)
data.setCell(1, 1, 'TestClickOverview')
data.setCell(1, 2, 'com.revature.TestOverview')
data.setCell(1, 3, 3121);
data.setCell(2, 0, 2)
data.setCell(2, 1, 'feature')
data.setCell(2, 2, 'com.revature.TestOverview')
data.setCell(2, 3, 10);
=======
data.setCell(0, 1, 'TestOne')
data.setCell(0, 2, 'com.revature.tests.trainer.TestLocations')
data.setCell(0, 3, 3199);
data.setCell(1, 0, 1)
data.setCell(1, 1, 'feature')
data.setCell(1, 2, 'com.revature.tests.trainer.TestLocations')
data.setCell(1, 3, 22);
data.setCell(2, 0, 2)
data.setCell(2, 1, 'feature')
data.setCell(2, 2, 'com.revature.tests.trainer.TestLocations')
data.setCell(2, 3, 1);
>>>>>>> d8e13a192b0dd783ede26ad6d97d6e619ad93fb2
=======
data.setCell(0, 1, 'feature')
data.setCell(0, 2, 'com.revature.TrainerSuite')
data.setCell(0, 3, 611);
data.setCell(1, 0, 1)
data.setCell(1, 1, 'feature')
data.setCell(1, 2, 'com.revature.TrainerSuite')
data.setCell(1, 3, 39);
data.setCell(2, 0, 2)
data.setCell(2, 1, 'feature')
data.setCell(2, 2, 'com.revature.TrainerSuite')
data.setCell(2, 3, 36);
>>>>>>> Amin
>>>>>>> 6066c350e4ccc08b74aebb97834954498ea61238
window.suiteTableData['Default_suite']= { tableData: data, tableDiv: 'times-div-Default_suite'}
return data;
}
              </script>
<<<<<<< HEAD
              <span class="suite-total-time">Total running time: 8 seconds</span>
=======
<<<<<<< HEAD
<<<<<<< HEAD
              <span class="suite-total-time">Total running time: 7 seconds</span>
=======
              <span class="suite-total-time">Total running time: 3 seconds</span>
>>>>>>> d8e13a192b0dd783ede26ad6d97d6e619ad93fb2
=======
              <span class="suite-total-time">Total running time: 686 ms</span>
>>>>>>> Amin
>>>>>>> 6066c350e4ccc08b74aebb97834954498ea61238
              <div id="times-div-Default_suite">
              </div> <!-- times-div-Default_suite -->
            </div> <!-- times-div -->
          </div> <!-- main-panel-content rounded-window-bottom -->
        </div> <!-- panel -->
        <div panel-name="reporter-Default_suite" class="panel">
          <div class="main-panel-header rounded-window-top">
            <span class="header-content">Reporter output for Default suite</span>
          </div> <!-- main-panel-header rounded-window-top -->
          <div class="main-panel-content rounded-window-bottom">
          </div> <!-- main-panel-content rounded-window-bottom -->
        </div> <!-- panel -->
        <div panel-name="ignored-methods-Default_suite" class="panel">
          <div class="main-panel-header rounded-window-top">
            <span class="header-content">0 ignored methods</span>
          </div> <!-- main-panel-header rounded-window-top -->
          <div class="main-panel-content rounded-window-bottom">
          </div> <!-- main-panel-content rounded-window-bottom -->
        </div> <!-- panel -->
        <div panel-name="chronological-Default_suite" class="panel">
          <div class="main-panel-header rounded-window-top">
            <span class="header-content">Methods in chronological order</span>
          </div> <!-- main-panel-header rounded-window-top -->
          <div class="main-panel-content rounded-window-bottom">
            <div class="chronological-class">
<<<<<<< HEAD
              <div class="chronological-class-name">com.revature.tests.trainer.TestCurricula</div> <!-- chronological-class-name -->
=======
<<<<<<< HEAD
              <div class="chronological-class-name">com.revature.tests.trainer.TestLocations</div> <!-- chronological-class-name -->
=======
              <div class="chronological-class-name">com.revature.TrainerSuite</div> <!-- chronological-class-name -->
>>>>>>> Amin
>>>>>>> 6066c350e4ccc08b74aebb97834954498ea61238
              <div class="configuration-suite before">
                <span class="method-name">beforeSuite</span>
                <span class="method-start">0 ms</span>
              </div> <!-- configuration-suite before -->
<<<<<<< HEAD
              <div class="configuration-test before">
                <span class="method-name">beforeTest</span>
                <span class="method-start">5355 ms</span>
              </div> <!-- configuration-test before -->
              <div class="configuration-class before">
                <span class="method-name">setUpClass</span>
                <span class="method-start">5368 ms</span>
              </div> <!-- configuration-class before -->
              <div class="test-method">
                <span class="method-name">feature(I want to display information under two tabs)</span>
                <span class="method-start">6325 ms</span>
              </div> <!-- test-method -->
              <div class="test-method">
                <span class="method-name">feature(Locations Tab for trainers)</span>
                <span class="method-start">6340 ms</span>
              </div> <!-- test-method -->
              <div class="test-method">
                <span class="method-name">feature(Overview Tab for trainers)</span>
                <span class="method-start">6347 ms</span>
              </div> <!-- test-method -->
              <div class="test-method">
                <span class="method-name">TestOne</span>
                <span class="method-start">6357 ms</span>
              </div> <!-- test-method -->
              <div class="configuration-class after">
                <span class="method-name">tearDownClass</span>
                <span class="method-start">15333 ms</span>
              </div> <!-- configuration-class after -->
              <div class="configuration-test after">
                <span class="method-name">afterTest</span>
                <span class="method-start">15341 ms</span>
              </div> <!-- configuration-test after -->
              <div class="configuration-suite after">
                <span class="method-name">afterSuite</span>
                <span class="method-start">15404 ms</span>
=======
<<<<<<< HEAD
              <div class="configuration-test before">
                <span class="method-name">beforeTest</span>
<<<<<<< HEAD
                <span class="method-start">3817 ms</span>
              </div> <!-- configuration-test before -->
              <div class="configuration-class before">
                <span class="method-name">setUpClass</span>
                <span class="method-start">3830 ms</span>
              </div> <!-- configuration-class before -->
              <div class="test-method">
                <span class="method-name">feature(Overview Tab for trainers)</span>
                <span class="method-start">4255 ms</span>
              </div> <!-- test-method -->
              <div class="test-method">
                <span class="method-name">TestClickOverview</span>
                <span class="method-start">4269 ms</span>
              </div> <!-- test-method -->
              <div class="test-method">
                <span class="method-name">CheckNameFilterDSC</span>
                <span class="method-start">7392 ms</span>
              </div> <!-- test-method -->
              <div class="configuration-class after">
                <span class="method-name">tearDownClass</span>
                <span class="method-start">11509 ms</span>
              </div> <!-- configuration-class after -->
              <div class="configuration-test after">
                <span class="method-name">afterTest</span>
                <span class="method-start">11514 ms</span>
              </div> <!-- configuration-test after -->
              <div class="configuration-suite after">
                <span class="method-name">afterSuite</span>
                <span class="method-start">11549 ms</span>
=======
                <span class="method-start">3934 ms</span>
              </div> <!-- configuration-test before -->
              <div class="configuration-class before">
                <span class="method-name">setUpClass</span>
                <span class="method-start">3945 ms</span>
              </div> <!-- configuration-class before -->
              <div class="test-method">
                <span class="method-name">feature(Locations Tab for trainers)</span>
                <span class="method-start">4375 ms</span>
              </div> <!-- test-method -->
              <div class="test-method">
                <span class="method-name">feature(Overview Tab for trainers)</span>
                <span class="method-start">4400 ms</span>
=======
              <div class="configuration-class before">
                <span class="method-name">setUpClass</span>
                <span class="method-start">6680 ms</span>
              </div> <!-- configuration-class before -->
              <div class="test-method">
                <img src="failed.png">
                </img>
                <span class="method-name">feature(Overview Tab for trainers)</span>
                <span class="method-start">8901 ms</span>
              </div> <!-- test-method -->
              <div class="test-method">
                <img src="failed.png">
                </img>
                <span class="method-name">feature(Reports Tab for trainers)</span>
                <span class="method-start">9551 ms</span>
>>>>>>> Amin
              </div> <!-- test-method -->
              <div class="test-method">
                <img src="failed.png">
                </img>
<<<<<<< HEAD
                <span class="method-name">TestOne</span>
                <span class="method-start">4403 ms</span>
              </div> <!-- test-method -->
              <div class="configuration-class after">
                <span class="method-name">tearDownClass</span>
                <span class="method-start">7608 ms</span>
              </div> <!-- configuration-class after -->
              <div class="configuration-test after">
                <span class="method-name">afterTest</span>
                <span class="method-start">7618 ms</span>
              </div> <!-- configuration-test after -->
              <div class="configuration-suite after">
                <span class="method-name">afterSuite</span>
                <span class="method-start">7650 ms</span>
>>>>>>> d8e13a192b0dd783ede26ad6d97d6e619ad93fb2
=======
                <span class="method-name">feature(Trainers Tab for trainers)</span>
                <span class="method-start">9625 ms</span>
              </div> <!-- test-method -->
              <div class="configuration-class after">
                <span class="method-name">tearDownClass</span>
                <span class="method-start">9677 ms</span>
              </div> <!-- configuration-class after -->
              <div class="configuration-suite after">
                <span class="method-name">afterSuite</span>
                <span class="method-start">9945 ms</span>
>>>>>>> Amin
>>>>>>> 6066c350e4ccc08b74aebb97834954498ea61238
              </div> <!-- configuration-suite after -->
          </div> <!-- main-panel-content rounded-window-bottom -->
        </div> <!-- panel -->
      </div> <!-- main-panel-root -->
    </div> <!-- wrapper -->
  </body>
</html>
